Start testing: Apr 21 00:12 EDT
----------------------------------------------------------
1/17 Testing: ROWBlockStoreTest.BasicWriteRead
1/17 Test: ROWBlockStoreTest.BasicWriteRead
Command: "/Users/adithyasrinivasan/Projects/snapspec-base/snapspec/build/blockstore_tests" "--gtest_filter=ROWBlockStoreTest.BasicWriteRead" "--gtest_also_run_disabled_tests"
Directory: /Users/adithyasrinivasan/Projects/snapspec-base/snapspec/build
"ROWBlockStoreTest.BasicWriteRead" start time: Apr 21 00:12 EDT
Output:
----------------------------------------------------------
Running main() from /Users/adithyasrinivasan/Projects/snapspec-base/snapspec/build/_deps/googletest-src/googletest/src/gtest_main.cc
Note: Google Test filter = ROWBlockStoreTest.BasicWriteRead
[==========] Running 1 test from 1 test suite.
[----------] Global test environment set-up.
[----------] 1 test from ROWBlockStoreTest
[ RUN      ] ROWBlockStoreTest.BasicWriteRead
[       OK ] ROWBlockStoreTest.BasicWriteRead (5 ms)
[----------] 1 test from ROWBlockStoreTest (5 ms total)

[----------] Global test environment tear-down
[==========] 1 test from 1 test suite ran. (5 ms total)
[  PASSED  ] 1 test.
<end of output>
Test time =   0.01 sec
----------------------------------------------------------
Test Passed.
"ROWBlockStoreTest.BasicWriteRead" end time: Apr 21 00:12 EDT
"ROWBlockStoreTest.BasicWriteRead" time elapsed: 00:00:00
----------------------------------------------------------

2/17 Testing: ROWBlockStoreTest.SnapshotReadRouting
2/17 Test: ROWBlockStoreTest.SnapshotReadRouting
Command: "/Users/adithyasrinivasan/Projects/snapspec-base/snapspec/build/blockstore_tests" "--gtest_filter=ROWBlockStoreTest.SnapshotReadRouting" "--gtest_also_run_disabled_tests"
Directory: /Users/adithyasrinivasan/Projects/snapspec-base/snapspec/build
"ROWBlockStoreTest.SnapshotReadRouting" start time: Apr 21 00:12 EDT
Output:
----------------------------------------------------------
Running main() from /Users/adithyasrinivasan/Projects/snapspec-base/snapspec/build/_deps/googletest-src/googletest/src/gtest_main.cc
Note: Google Test filter = ROWBlockStoreTest.SnapshotReadRouting
[==========] Running 1 test from 1 test suite.
[----------] Global test environment set-up.
[----------] 1 test from ROWBlockStoreTest
[ RUN      ] ROWBlockStoreTest.SnapshotReadRouting
[       OK ] ROWBlockStoreTest.SnapshotReadRouting (7 ms)
[----------] 1 test from ROWBlockStoreTest (7 ms total)

[----------] Global test environment tear-down
[==========] 1 test from 1 test suite ran. (7 ms total)
[  PASSED  ] 1 test.
<end of output>
Test time =   0.01 sec
----------------------------------------------------------
Test Passed.
"ROWBlockStoreTest.SnapshotReadRouting" end time: Apr 21 00:12 EDT
"ROWBlockStoreTest.SnapshotReadRouting" time elapsed: 00:00:00
----------------------------------------------------------

3/17 Testing: ROWBlockStoreTest.DiscardMergesCorrectly
3/17 Test: ROWBlockStoreTest.DiscardMergesCorrectly
Command: "/Users/adithyasrinivasan/Projects/snapspec-base/snapspec/build/blockstore_tests" "--gtest_filter=ROWBlockStoreTest.DiscardMergesCorrectly" "--gtest_also_run_disabled_tests"
Directory: /Users/adithyasrinivasan/Projects/snapspec-base/snapspec/build
"ROWBlockStoreTest.DiscardMergesCorrectly" start time: Apr 21 00:12 EDT
Output:
----------------------------------------------------------
Running main() from /Users/adithyasrinivasan/Projects/snapspec-base/snapspec/build/_deps/googletest-src/googletest/src/gtest_main.cc
Note: Google Test filter = ROWBlockStoreTest.DiscardMergesCorrectly
[==========] Running 1 test from 1 test suite.
[----------] Global test environment set-up.
[----------] 1 test from ROWBlockStoreTest
[ RUN      ] ROWBlockStoreTest.DiscardMergesCorrectly
[       OK ] ROWBlockStoreTest.DiscardMergesCorrectly (5 ms)
[----------] 1 test from ROWBlockStoreTest (5 ms total)

[----------] Global test environment tear-down
[==========] 1 test from 1 test suite ran. (5 ms total)
[  PASSED  ] 1 test.
<end of output>
Test time =   0.01 sec
----------------------------------------------------------
Test Passed.
"ROWBlockStoreTest.DiscardMergesCorrectly" end time: Apr 21 00:12 EDT
"ROWBlockStoreTest.DiscardMergesCorrectly" time elapsed: 00:00:00
----------------------------------------------------------

4/17 Testing: ROWBlockStoreTest.CommitArchives
4/17 Test: ROWBlockStoreTest.CommitArchives
Command: "/Users/adithyasrinivasan/Projects/snapspec-base/snapspec/build/blockstore_tests" "--gtest_filter=ROWBlockStoreTest.CommitArchives" "--gtest_also_run_disabled_tests"
Directory: /Users/adithyasrinivasan/Projects/snapspec-base/snapspec/build
"ROWBlockStoreTest.CommitArchives" start time: Apr 21 00:12 EDT
Output:
----------------------------------------------------------
Running main() from /Users/adithyasrinivasan/Projects/snapspec-base/snapspec/build/_deps/googletest-src/googletest/src/gtest_main.cc
Note: Google Test filter = ROWBlockStoreTest.CommitArchives
[==========] Running 1 test from 1 test suite.
[----------] Global test environment set-up.
[----------] 1 test from ROWBlockStoreTest
[ RUN      ] ROWBlockStoreTest.CommitArchives
[       OK ] ROWBlockStoreTest.CommitArchives (5 ms)
[----------] 1 test from ROWBlockStoreTest (5 ms total)

[----------] Global test environment tear-down
[==========] 1 test from 1 test suite ran. (5 ms total)
[  PASSED  ] 1 test.
<end of output>
Test time =   0.01 sec
----------------------------------------------------------
Test Passed.
"ROWBlockStoreTest.CommitArchives" end time: Apr 21 00:12 EDT
"ROWBlockStoreTest.CommitArchives" time elapsed: 00:00:00
----------------------------------------------------------

5/17 Testing: ROWBlockStoreTest.StressDiscard
5/17 Test: ROWBlockStoreTest.StressDiscard
Command: "/Users/adithyasrinivasan/Projects/snapspec-base/snapspec/build/blockstore_tests" "--gtest_filter=ROWBlockStoreTest.StressDiscard" "--gtest_also_run_disabled_tests"
Directory: /Users/adithyasrinivasan/Projects/snapspec-base/snapspec/build
"ROWBlockStoreTest.StressDiscard" start time: Apr 21 00:12 EDT
Output:
----------------------------------------------------------
Running main() from /Users/adithyasrinivasan/Projects/snapspec-base/snapspec/build/_deps/googletest-src/googletest/src/gtest_main.cc
Note: Google Test filter = ROWBlockStoreTest.StressDiscard
[==========] Running 1 test from 1 test suite.
[----------] Global test environment set-up.
[----------] 1 test from ROWBlockStoreTest
[ RUN      ] ROWBlockStoreTest.StressDiscard
[       OK ] ROWBlockStoreTest.StressDiscard (333 ms)
[----------] 1 test from ROWBlockStoreTest (333 ms total)

[----------] Global test environment tear-down
[==========] 1 test from 1 test suite ran. (333 ms total)
[  PASSED  ] 1 test.
<end of output>
Test time =   0.34 sec
----------------------------------------------------------
Test Passed.
"ROWBlockStoreTest.StressDiscard" end time: Apr 21 00:12 EDT
"ROWBlockStoreTest.StressDiscard" time elapsed: 00:00:00
----------------------------------------------------------

6/17 Testing: ROWBlockStoreTest.WriteLogEntries
6/17 Test: ROWBlockStoreTest.WriteLogEntries
Command: "/Users/adithyasrinivasan/Projects/snapspec-base/snapspec/build/blockstore_tests" "--gtest_filter=ROWBlockStoreTest.WriteLogEntries" "--gtest_also_run_disabled_tests"
Directory: /Users/adithyasrinivasan/Projects/snapspec-base/snapspec/build
"ROWBlockStoreTest.WriteLogEntries" start time: Apr 21 00:12 EDT
Output:
----------------------------------------------------------
Running main() from /Users/adithyasrinivasan/Projects/snapspec-base/snapspec/build/_deps/googletest-src/googletest/src/gtest_main.cc
Note: Google Test filter = ROWBlockStoreTest.WriteLogEntries
[==========] Running 1 test from 1 test suite.
[----------] Global test environment set-up.
[----------] 1 test from ROWBlockStoreTest
[ RUN      ] ROWBlockStoreTest.WriteLogEntries
/Users/adithyasrinivasan/Projects/snapspec-base/snapspec/src/tests/row_test.cpp:189: Failure
Expected equality of these values:
  log.size()
    Which is: 4
  2u
    Which is: 2

/Users/adithyasrinivasan/Projects/snapspec-base/snapspec/src/tests/row_test.cpp:190: Failure
Expected equality of these values:
  log[0].dependency_tag
    Which is: 1001
  1002u
    Which is: 1002

[  FAILED  ] ROWBlockStoreTest.WriteLogEntries (1 ms)
[----------] 1 test from ROWBlockStoreTest (1 ms total)

[----------] Global test environment tear-down
[==========] 1 test from 1 test suite ran. (1 ms total)
[  PASSED  ] 0 tests.
[  FAILED  ] 1 test, listed below:
[  FAILED  ] ROWBlockStoreTest.WriteLogEntries

 1 FAILED TEST
<end of output>
Test time =   0.01 sec
----------------------------------------------------------
Test Failed.
"ROWBlockStoreTest.WriteLogEntries" end time: Apr 21 00:12 EDT
"ROWBlockStoreTest.WriteLogEntries" time elapsed: 00:00:00
----------------------------------------------------------

7/17 Testing: ROWBlockStoreTest.DoubleSnapshotAsserts
7/17 Test: ROWBlockStoreTest.DoubleSnapshotAsserts
Command: "/Users/adithyasrinivasan/Projects/snapspec-base/snapspec/build/blockstore_tests" "--gtest_filter=ROWBlockStoreTest.DoubleSnapshotAsserts" "--gtest_also_run_disabled_tests"
Directory: /Users/adithyasrinivasan/Projects/snapspec-base/snapspec/build
"ROWBlockStoreTest.DoubleSnapshotAsserts" start time: Apr 21 00:12 EDT
Output:
----------------------------------------------------------
Running main() from /Users/adithyasrinivasan/Projects/snapspec-base/snapspec/build/_deps/googletest-src/googletest/src/gtest_main.cc
Note: Google Test filter = ROWBlockStoreTest.DoubleSnapshotAsserts
[==========] Running 1 test from 1 test suite.
[----------] Global test environment set-up.
[----------] 1 test from ROWBlockStoreTest
[ RUN      ] ROWBlockStoreTest.DoubleSnapshotAsserts
[       OK ] ROWBlockStoreTest.DoubleSnapshotAsserts (1 ms)
[----------] 1 test from ROWBlockStoreTest (1 ms total)

[----------] Global test environment tear-down
[==========] 1 test from 1 test suite ran. (1 ms total)
[  PASSED  ] 1 test.
<end of output>
Test time =   0.00 sec
----------------------------------------------------------
Test Passed.
"ROWBlockStoreTest.DoubleSnapshotAsserts" end time: Apr 21 00:12 EDT
"ROWBlockStoreTest.DoubleSnapshotAsserts" time elapsed: 00:00:00
----------------------------------------------------------

8/17 Testing: COWBlockStoreTest.BasicWriteRead
8/17 Test: COWBlockStoreTest.BasicWriteRead
Command: "/Users/adithyasrinivasan/Projects/snapspec-base/snapspec/build/blockstore_tests" "--gtest_filter=COWBlockStoreTest.BasicWriteRead" "--gtest_also_run_disabled_tests"
Directory: /Users/adithyasrinivasan/Projects/snapspec-base/snapspec/build
"COWBlockStoreTest.BasicWriteRead" start time: Apr 21 00:12 EDT
Output:
----------------------------------------------------------
Running main() from /Users/adithyasrinivasan/Projects/snapspec-base/snapspec/build/_deps/googletest-src/googletest/src/gtest_main.cc
Note: Google Test filter = COWBlockStoreTest.BasicWriteRead
[==========] Running 1 test from 1 test suite.
[----------] Global test environment set-up.
[----------] 1 test from COWBlockStoreTest
[ RUN      ] COWBlockStoreTest.BasicWriteRead
[       OK ] COWBlockStoreTest.BasicWriteRead (4 ms)
[----------] 1 test from COWBlockStoreTest (4 ms total)

[----------] Global test environment tear-down
[==========] 1 test from 1 test suite ran. (4 ms total)
[  PASSED  ] 1 test.
<end of output>
Test time =   0.01 sec
----------------------------------------------------------
Test Passed.
"COWBlockStoreTest.BasicWriteRead" end time: Apr 21 00:12 EDT
"COWBlockStoreTest.BasicWriteRead" time elapsed: 00:00:00
----------------------------------------------------------

9/17 Testing: COWBlockStoreTest.COWPreservesOldDataInSnapshot
9/17 Test: COWBlockStoreTest.COWPreservesOldDataInSnapshot
Command: "/Users/adithyasrinivasan/Projects/snapspec-base/snapspec/build/blockstore_tests" "--gtest_filter=COWBlockStoreTest.COWPreservesOldDataInSnapshot" "--gtest_also_run_disabled_tests"
Directory: /Users/adithyasrinivasan/Projects/snapspec-base/snapspec/build
"COWBlockStoreTest.COWPreservesOldDataInSnapshot" start time: Apr 21 00:12 EDT
Output:
----------------------------------------------------------
Running main() from /Users/adithyasrinivasan/Projects/snapspec-base/snapspec/build/_deps/googletest-src/googletest/src/gtest_main.cc
Note: Google Test filter = COWBlockStoreTest.COWPreservesOldDataInSnapshot
[==========] Running 1 test from 1 test suite.
[----------] Global test environment set-up.
[----------] 1 test from COWBlockStoreTest
[ RUN      ] COWBlockStoreTest.COWPreservesOldDataInSnapshot
[       OK ] COWBlockStoreTest.COWPreservesOldDataInSnapshot (6 ms)
[----------] 1 test from COWBlockStoreTest (6 ms total)

[----------] Global test environment tear-down
[==========] 1 test from 1 test suite ran. (6 ms total)
[  PASSED  ] 1 test.
<end of output>
Test time =   0.01 sec
----------------------------------------------------------
Test Passed.
"COWBlockStoreTest.COWPreservesOldDataInSnapshot" end time: Apr 21 00:12 EDT
"COWBlockStoreTest.COWPreservesOldDataInSnapshot" time elapsed: 00:00:00
----------------------------------------------------------

10/17 Testing: COWBlockStoreTest.DiscardDeletesSnapshotFile
10/17 Test: COWBlockStoreTest.DiscardDeletesSnapshotFile
Command: "/Users/adithyasrinivasan/Projects/snapspec-base/snapspec/build/blockstore_tests" "--gtest_filter=COWBlockStoreTest.DiscardDeletesSnapshotFile" "--gtest_also_run_disabled_tests"
Directory: /Users/adithyasrinivasan/Projects/snapspec-base/snapspec/build
"COWBlockStoreTest.DiscardDeletesSnapshotFile" start time: Apr 21 00:12 EDT
Output:
----------------------------------------------------------
Running main() from /Users/adithyasrinivasan/Projects/snapspec-base/snapspec/build/_deps/googletest-src/googletest/src/gtest_main.cc
Note: Google Test filter = COWBlockStoreTest.DiscardDeletesSnapshotFile
[==========] Running 1 test from 1 test suite.
[----------] Global test environment set-up.
[----------] 1 test from COWBlockStoreTest
[ RUN      ] COWBlockStoreTest.DiscardDeletesSnapshotFile
[       OK ] COWBlockStoreTest.DiscardDeletesSnapshotFile (1 ms)
[----------] 1 test from COWBlockStoreTest (1 ms total)

[----------] Global test environment tear-down
[==========] 1 test from 1 test suite ran. (1 ms total)
[  PASSED  ] 1 test.
<end of output>
Test time =   0.00 sec
----------------------------------------------------------
Test Passed.
"COWBlockStoreTest.DiscardDeletesSnapshotFile" end time: Apr 21 00:12 EDT
"COWBlockStoreTest.DiscardDeletesSnapshotFile" time elapsed: 00:00:00
----------------------------------------------------------

11/17 Testing: COWBlockStoreTest.CommitCreatesCompleteArchive
11/17 Test: COWBlockStoreTest.CommitCreatesCompleteArchive
Command: "/Users/adithyasrinivasan/Projects/snapspec-base/snapspec/build/blockstore_tests" "--gtest_filter=COWBlockStoreTest.CommitCreatesCompleteArchive" "--gtest_also_run_disabled_tests"
Directory: /Users/adithyasrinivasan/Projects/snapspec-base/snapspec/build
"COWBlockStoreTest.CommitCreatesCompleteArchive" start time: Apr 21 00:12 EDT
Output:
----------------------------------------------------------
Running main() from /Users/adithyasrinivasan/Projects/snapspec-base/snapspec/build/_deps/googletest-src/googletest/src/gtest_main.cc
Note: Google Test filter = COWBlockStoreTest.CommitCreatesCompleteArchive
[==========] Running 1 test from 1 test suite.
[----------] Global test environment set-up.
[----------] 1 test from COWBlockStoreTest
[ RUN      ] COWBlockStoreTest.CommitCreatesCompleteArchive
[       OK ] COWBlockStoreTest.CommitCreatesCompleteArchive (14 ms)
[----------] 1 test from COWBlockStoreTest (14 ms total)

[----------] Global test environment tear-down
[==========] 1 test from 1 test suite ran. (14 ms total)
[  PASSED  ] 1 test.
<end of output>
Test time =   0.02 sec
----------------------------------------------------------
Test Passed.
"COWBlockStoreTest.CommitCreatesCompleteArchive" end time: Apr 21 00:12 EDT
"COWBlockStoreTest.CommitCreatesCompleteArchive" time elapsed: 00:00:00
----------------------------------------------------------

12/17 Testing: COWBlockStoreTest.StressDiscard
12/17 Test: COWBlockStoreTest.StressDiscard
Command: "/Users/adithyasrinivasan/Projects/snapspec-base/snapspec/build/blockstore_tests" "--gtest_filter=COWBlockStoreTest.StressDiscard" "--gtest_also_run_disabled_tests"
Directory: /Users/adithyasrinivasan/Projects/snapspec-base/snapspec/build
"COWBlockStoreTest.StressDiscard" start time: Apr 21 00:12 EDT
Output:
----------------------------------------------------------
Running main() from /Users/adithyasrinivasan/Projects/snapspec-base/snapspec/build/_deps/googletest-src/googletest/src/gtest_main.cc
Note: Google Test filter = COWBlockStoreTest.StressDiscard
[==========] Running 1 test from 1 test suite.
[----------] Global test environment set-up.
[----------] 1 test from COWBlockStoreTest
[ RUN      ] COWBlockStoreTest.StressDiscard
[       OK ] COWBlockStoreTest.StressDiscard (344 ms)
[----------] 1 test from COWBlockStoreTest (344 ms total)

[----------] Global test environment tear-down
[==========] 1 test from 1 test suite ran. (344 ms total)
[  PASSED  ] 1 test.
<end of output>
Test time =   0.35 sec
----------------------------------------------------------
Test Passed.
"COWBlockStoreTest.StressDiscard" end time: Apr 21 00:12 EDT
"COWBlockStoreTest.StressDiscard" time elapsed: 00:00:00
----------------------------------------------------------

13/17 Testing: FullCopyBlockStoreTest.BasicWriteRead
13/17 Test: FullCopyBlockStoreTest.BasicWriteRead
Command: "/Users/adithyasrinivasan/Projects/snapspec-base/snapspec/build/blockstore_tests" "--gtest_filter=FullCopyBlockStoreTest.BasicWriteRead" "--gtest_also_run_disabled_tests"
Directory: /Users/adithyasrinivasan/Projects/snapspec-base/snapspec/build
"FullCopyBlockStoreTest.BasicWriteRead" start time: Apr 21 00:12 EDT
Output:
----------------------------------------------------------
Running main() from /Users/adithyasrinivasan/Projects/snapspec-base/snapspec/build/_deps/googletest-src/googletest/src/gtest_main.cc
Note: Google Test filter = FullCopyBlockStoreTest.BasicWriteRead
[==========] Running 1 test from 1 test suite.
[----------] Global test environment set-up.
[----------] 1 test from FullCopyBlockStoreTest
[ RUN      ] FullCopyBlockStoreTest.BasicWriteRead
[       OK ] FullCopyBlockStoreTest.BasicWriteRead (4 ms)
[----------] 1 test from FullCopyBlockStoreTest (4 ms total)

[----------] Global test environment tear-down
[==========] 1 test from 1 test suite ran. (4 ms total)
[  PASSED  ] 1 test.
<end of output>
Test time =   0.01 sec
----------------------------------------------------------
Test Passed.
"FullCopyBlockStoreTest.BasicWriteRead" end time: Apr 21 00:12 EDT
"FullCopyBlockStoreTest.BasicWriteRead" time elapsed: 00:00:00
----------------------------------------------------------

14/17 Testing: FullCopyBlockStoreTest.SnapshotIsFullCopy
14/17 Test: FullCopyBlockStoreTest.SnapshotIsFullCopy
Command: "/Users/adithyasrinivasan/Projects/snapspec-base/snapspec/build/blockstore_tests" "--gtest_filter=FullCopyBlockStoreTest.SnapshotIsFullCopy" "--gtest_also_run_disabled_tests"
Directory: /Users/adithyasrinivasan/Projects/snapspec-base/snapspec/build
"FullCopyBlockStoreTest.SnapshotIsFullCopy" start time: Apr 21 00:12 EDT
Output:
----------------------------------------------------------
Running main() from /Users/adithyasrinivasan/Projects/snapspec-base/snapspec/build/_deps/googletest-src/googletest/src/gtest_main.cc
Note: Google Test filter = FullCopyBlockStoreTest.SnapshotIsFullCopy
[==========] Running 1 test from 1 test suite.
[----------] Global test environment set-up.
[----------] 1 test from FullCopyBlockStoreTest
[ RUN      ] FullCopyBlockStoreTest.SnapshotIsFullCopy
[       OK ] FullCopyBlockStoreTest.SnapshotIsFullCopy (11 ms)
[----------] 1 test from FullCopyBlockStoreTest (11 ms total)

[----------] Global test environment tear-down
[==========] 1 test from 1 test suite ran. (11 ms total)
[  PASSED  ] 1 test.
<end of output>
Test time =   0.01 sec
----------------------------------------------------------
Test Passed.
"FullCopyBlockStoreTest.SnapshotIsFullCopy" end time: Apr 21 00:12 EDT
"FullCopyBlockStoreTest.SnapshotIsFullCopy" time elapsed: 00:00:00
----------------------------------------------------------

15/17 Testing: FullCopyBlockStoreTest.CommitMovesToArchive
15/17 Test: FullCopyBlockStoreTest.CommitMovesToArchive
Command: "/Users/adithyasrinivasan/Projects/snapspec-base/snapspec/build/blockstore_tests" "--gtest_filter=FullCopyBlockStoreTest.CommitMovesToArchive" "--gtest_also_run_disabled_tests"
Directory: /Users/adithyasrinivasan/Projects/snapspec-base/snapspec/build
"FullCopyBlockStoreTest.CommitMovesToArchive" start time: Apr 21 00:12 EDT
Output:
----------------------------------------------------------
Running main() from /Users/adithyasrinivasan/Projects/snapspec-base/snapspec/build/_deps/googletest-src/googletest/src/gtest_main.cc
Note: Google Test filter = FullCopyBlockStoreTest.CommitMovesToArchive
[==========] Running 1 test from 1 test suite.
[----------] Global test environment set-up.
[----------] 1 test from FullCopyBlockStoreTest
[ RUN      ] FullCopyBlockStoreTest.CommitMovesToArchive
[       OK ] FullCopyBlockStoreTest.CommitMovesToArchive (9 ms)
[----------] 1 test from FullCopyBlockStoreTest (9 ms total)

[----------] Global test environment tear-down
[==========] 1 test from 1 test suite ran. (9 ms total)
[  PASSED  ] 1 test.
<end of output>
Test time =   0.01 sec
----------------------------------------------------------
Test Passed.
"FullCopyBlockStoreTest.CommitMovesToArchive" end time: Apr 21 00:12 EDT
"FullCopyBlockStoreTest.CommitMovesToArchive" time elapsed: 00:00:00
----------------------------------------------------------

16/17 Testing: FullCopyBlockStoreTest.DiscardDeletesSnapshot
16/17 Test: FullCopyBlockStoreTest.DiscardDeletesSnapshot
Command: "/Users/adithyasrinivasan/Projects/snapspec-base/snapspec/build/blockstore_tests" "--gtest_filter=FullCopyBlockStoreTest.DiscardDeletesSnapshot" "--gtest_also_run_disabled_tests"
Directory: /Users/adithyasrinivasan/Projects/snapspec-base/snapspec/build
"FullCopyBlockStoreTest.DiscardDeletesSnapshot" start time: Apr 21 00:12 EDT
Output:
----------------------------------------------------------
Running main() from /Users/adithyasrinivasan/Projects/snapspec-base/snapspec/build/_deps/googletest-src/googletest/src/gtest_main.cc
Note: Google Test filter = FullCopyBlockStoreTest.DiscardDeletesSnapshot
[==========] Running 1 test from 1 test suite.
[----------] Global test environment set-up.
[----------] 1 test from FullCopyBlockStoreTest
[ RUN      ] FullCopyBlockStoreTest.DiscardDeletesSnapshot
[       OK ] FullCopyBlockStoreTest.DiscardDeletesSnapshot (1 ms)
[----------] 1 test from FullCopyBlockStoreTest (1 ms total)

[----------] Global test environment tear-down
[==========] 1 test from 1 test suite ran. (1 ms total)
[  PASSED  ] 1 test.
<end of output>
Test time =   0.00 sec
----------------------------------------------------------
Test Passed.
"FullCopyBlockStoreTest.DiscardDeletesSnapshot" end time: Apr 21 00:12 EDT
"FullCopyBlockStoreTest.DiscardDeletesSnapshot" time elapsed: 00:00:00
----------------------------------------------------------

17/17 Testing: FullCopyBlockStoreTest.StressDiscard
17/17 Test: FullCopyBlockStoreTest.StressDiscard
Command: "/Users/adithyasrinivasan/Projects/snapspec-base/snapspec/build/blockstore_tests" "--gtest_filter=FullCopyBlockStoreTest.StressDiscard" "--gtest_also_run_disabled_tests"
Directory: /Users/adithyasrinivasan/Projects/snapspec-base/snapspec/build
"FullCopyBlockStoreTest.StressDiscard" start time: Apr 21 00:12 EDT
Output:
----------------------------------------------------------
Running main() from /Users/adithyasrinivasan/Projects/snapspec-base/snapspec/build/_deps/googletest-src/googletest/src/gtest_main.cc
Note: Google Test filter = FullCopyBlockStoreTest.StressDiscard
[==========] Running 1 test from 1 test suite.
[----------] Global test environment set-up.
[----------] 1 test from FullCopyBlockStoreTest
[ RUN      ] FullCopyBlockStoreTest.StressDiscard
[       OK ] FullCopyBlockStoreTest.StressDiscard (332 ms)
[----------] 1 test from FullCopyBlockStoreTest (332 ms total)

[----------] Global test environment tear-down
[==========] 1 test from 1 test suite ran. (332 ms total)
[  PASSED  ] 1 test.
<end of output>
Test time =   0.34 sec
----------------------------------------------------------
Test Passed.
"FullCopyBlockStoreTest.StressDiscard" end time: Apr 21 00:12 EDT
"FullCopyBlockStoreTest.StressDiscard" time elapsed: 00:00:00
----------------------------------------------------------

End testing: Apr 21 00:12 EDT
